<?xml version="1.0" encoding="UTF-8"?>
<!-- Generated by org.testng.reporters.JUnitXMLReporter -->
<testsuite ignored="0" hostname="DESKTOP-DDCEQUV" failures="0" tests="5" name="Default test" time="22.165" errors="0" timestamp="2022-06-09T20:30:41 GMT-07:00">
  <testcase classname="TestAnnotations.DataProvider" name="loginToActiTime" time="2.246"/>
  <testcase classname="TestAnnotations.DataProvider" name="loginToActiTime" time="2.186"/>
  <testcase classname="TestAnnotations.DataProvider" name="loginToActiTime" time="2.179"/>
  <testcase classname="TestAnnotations.DataProvider" name="loginToActiTime" time="2.17"/>
  <testcase classname="TestAnnotations.DataProvider" name="loginToActiTime" time="2.179"/>
</testsuite> <!-- Default test -->
