<?xml version="1.0" encoding="UTF-8"?>
<!-- Generated by org.testng.reporters.JUnitXMLReporter -->
<testsuite ignored="0" hostname="DESKTOP-DDCEQUV" failures="0" tests="4" name="LoginTest" time="2.383" errors="0" timestamp="2022-09-03T07:20:30 GMT-07:00">
  <testcase classname="TestNG_Practise.Test_Case" name="openBrowser" time="1.712"/>
  <testcase classname="TestNG_Practise.Test_Case" name="openUrl" time="0.226"/>
  <testcase classname="TestNG_Practise.Test_Case" name="Login" time="0.183"/>
  <testcase classname="TestNG_Practise.Test_Case" name="Logtout" time="0.197"/>
</testsuite> <!-- LoginTest -->
