<?xml version="1.0" encoding="UTF-8"?>
<!-- Generated by org.testng.reporters.JUnitXMLReporter -->
<testsuite ignored="0" hostname="DESKTOP-DDCEQUV" failures="1" tests="5" name="title verify" time="1.84" errors="0" timestamp="2022-09-03T07:20:32 GMT-07:00">
  <testcase classname="TestNG_Practise.NewTest" name="openBrowser" time="0.769"/>
  <testcase classname="TestNG_Practise.NewTest" name="openUrl" time="0.207"/>
  <testcase classname="TestNG_Practise.NewTest" name="Login" time="0.184"/>
  <testcase classname="TestNG_Practise.NewTest" name="title" time="0.474">
    <failure type="java.lang.AssertionError" message="expected [true] but found [false]">
      <![CDATA[java.lang.AssertionError: expected [true] but found [false]
at TestNG_Practise.NewTest.title(NewTest.java:53)
at java.base/java.util.ArrayList.forEach(ArrayList.java:1511)
... Removed 31 stack frames]]>
    </failure>
  </testcase> <!-- title -->
  <testcase classname="TestNG_Practise.NewTest" name="Logtout" time="0.194"/>
</testsuite> <!-- title verify -->
