<?xml version="1.0" encoding="UTF-8"?>
<testng-results ignored="0" total="5" passed="5" failed="0" skipped="0">
  <reporter-output>
  </reporter-output>
  <suite started-at="2022-06-15T05:33:03 GMT-07:00" name="Default suite" finished-at="2022-06-15T05:33:24 GMT-07:00" duration-ms="20342">
    <groups>
    </groups>
    <test started-at="2022-06-15T05:33:03 GMT-07:00" name="Default test" finished-at="2022-06-15T05:33:24 GMT-07:00" duration-ms="20342">
      <class name="TestAnnotations.DataProvider">
        <test-method is-config="true" signature="setUp()[pri:0, instance:TestAnnotations.DataProvider@cad498c]" started-at="2022-06-15T05:33:03 GMT-07:00" name="setUp" finished-at="2022-06-15T05:33:06 GMT-07:00" duration-ms="2431" status="PASS">
          <reporter-output>
          </reporter-output>
        </test-method> <!-- setUp -->
        <test-method signature="loginToActiTime(java.lang.String,java.lang.String)[pri:0, instance:TestAnnotations.DataProvider@cad498c]" started-at="2022-06-15T05:33:06 GMT-07:00" name="loginToActiTime" data-provider="testActiTimeData" finished-at="2022-06-15T05:33:08 GMT-07:00" duration-ms="2199" status="PASS">
          <params>
            <param index="0">
              <value>
                <![CDATA[admin1]]>
              </value>
            </param>
            <param index="1">
              <value>
                <![CDATA[manager123]]>
              </value>
            </param>
          </params>
          <reporter-output>
          </reporter-output>
        </test-method> <!-- loginToActiTime -->
        <test-method is-config="true" signature="tearDown()[pri:0, instance:TestAnnotations.DataProvider@cad498c]" started-at="2022-06-15T05:33:08 GMT-07:00" name="tearDown" finished-at="2022-06-15T05:33:08 GMT-07:00" duration-ms="236" status="PASS">
          <reporter-output>
          </reporter-output>
        </test-method> <!-- tearDown -->
        <test-method is-config="true" signature="setUp()[pri:0, instance:TestAnnotations.DataProvider@cad498c]" started-at="2022-06-15T05:33:08 GMT-07:00" name="setUp" finished-at="2022-06-15T05:33:10 GMT-07:00" duration-ms="1505" status="PASS">
          <reporter-output>
          </reporter-output>
        </test-method> <!-- setUp -->
        <test-method signature="loginToActiTime(java.lang.String,java.lang.String)[pri:0, instance:TestAnnotations.DataProvider@cad498c]" started-at="2022-06-15T05:33:10 GMT-07:00" name="loginToActiTime" data-provider="testActiTimeData" finished-at="2022-06-15T05:33:12 GMT-07:00" duration-ms="2187" status="PASS">
          <params>
            <param index="0">
              <value>
                <![CDATA[ad min]]>
              </value>
            </param>
            <param index="1">
              <value>
                <![CDATA[manager 123]]>
              </value>
            </param>
          </params>
          <reporter-output>
          </reporter-output>
        </test-method> <!-- loginToActiTime -->
        <test-method is-config="true" signature="tearDown()[pri:0, instance:TestAnnotations.DataProvider@cad498c]" started-at="2022-06-15T05:33:12 GMT-07:00" name="tearDown" finished-at="2022-06-15T05:33:12 GMT-07:00" duration-ms="180" status="PASS">
          <reporter-output>
          </reporter-output>
        </test-method> <!-- tearDown -->
        <test-method is-config="true" signature="setUp()[pri:0, instance:TestAnnotations.DataProvider@cad498c]" started-at="2022-06-15T05:33:12 GMT-07:00" name="setUp" finished-at="2022-06-15T05:33:14 GMT-07:00" duration-ms="1442" status="PASS">
          <reporter-output>
          </reporter-output>
        </test-method> <!-- setUp -->
        <test-method signature="loginToActiTime(java.lang.String,java.lang.String)[pri:0, instance:TestAnnotations.DataProvider@cad498c]" started-at="2022-06-15T05:33:14 GMT-07:00" name="loginToActiTime" data-provider="testActiTimeData" finished-at="2022-06-15T05:33:16 GMT-07:00" duration-ms="2192" status="PASS">
          <params>
            <param index="0">
              <value>
                <![CDATA[xyz123]]>
              </value>
            </param>
            <param index="1">
              <value>
                <![CDATA[$#4123]]>
              </value>
            </param>
          </params>
          <reporter-output>
          </reporter-output>
        </test-method> <!-- loginToActiTime -->
        <test-method is-config="true" signature="tearDown()[pri:0, instance:TestAnnotations.DataProvider@cad498c]" started-at="2022-06-15T05:33:16 GMT-07:00" name="tearDown" finished-at="2022-06-15T05:33:16 GMT-07:00" duration-ms="239" status="PASS">
          <reporter-output>
          </reporter-output>
        </test-method> <!-- tearDown -->
        <test-method is-config="true" signature="setUp()[pri:0, instance:TestAnnotations.DataProvider@cad498c]" started-at="2022-06-15T05:33:16 GMT-07:00" name="setUp" finished-at="2022-06-15T05:33:17 GMT-07:00" duration-ms="1345" status="PASS">
          <reporter-output>
          </reporter-output>
        </test-method> <!-- setUp -->
        <test-method signature="loginToActiTime(java.lang.String,java.lang.String)[pri:0, instance:TestAnnotations.DataProvider@cad498c]" started-at="2022-06-15T05:33:17 GMT-07:00" name="loginToActiTime" data-provider="testActiTimeData" finished-at="2022-06-15T05:33:20 GMT-07:00" duration-ms="2187" status="PASS">
          <params>
            <param index="0">
              <value>
                <![CDATA[admin]]>
              </value>
            </param>
            <param index="1">
              <value>
                <![CDATA[manager]]>
              </value>
            </param>
          </params>
          <reporter-output>
          </reporter-output>
        </test-method> <!-- loginToActiTime -->
        <test-method is-config="true" signature="tearDown()[pri:0, instance:TestAnnotations.DataProvider@cad498c]" started-at="2022-06-15T05:33:20 GMT-07:00" name="tearDown" finished-at="2022-06-15T05:33:20 GMT-07:00" duration-ms="251" status="PASS">
          <reporter-output>
          </reporter-output>
        </test-method> <!-- tearDown -->
        <test-method is-config="true" signature="setUp()[pri:0, instance:TestAnnotations.DataProvider@cad498c]" started-at="2022-06-15T05:33:20 GMT-07:00" name="setUp" finished-at="2022-06-15T05:33:21 GMT-07:00" duration-ms="1480" status="PASS">
          <reporter-output>
          </reporter-output>
        </test-method> <!-- setUp -->
        <test-method signature="loginToActiTime(java.lang.String,java.lang.String)[pri:0, instance:TestAnnotations.DataProvider@cad498c]" started-at="2022-06-15T05:33:21 GMT-07:00" name="loginToActiTime" data-provider="testActiTimeData" finished-at="2022-06-15T05:33:23 GMT-07:00" duration-ms="2170" status="PASS">
          <params>
            <param index="0">
              <value>
                <![CDATA[123]]>
              </value>
            </param>
            <param index="1">
              <value>
                <![CDATA[admin]]>
              </value>
            </param>
          </params>
          <reporter-output>
          </reporter-output>
        </test-method> <!-- loginToActiTime -->
        <test-method is-config="true" signature="tearDown()[pri:0, instance:TestAnnotations.DataProvider@cad498c]" started-at="2022-06-15T05:33:23 GMT-07:00" name="tearDown" finished-at="2022-06-15T05:33:24 GMT-07:00" duration-ms="229" status="PASS">
          <reporter-output>
          </reporter-output>
        </test-method> <!-- tearDown -->
      </class> <!-- TestAnnotations.DataProvider -->
    </test> <!-- Default test -->
  </suite> <!-- Default suite -->
</testng-results>
