<?xml version="1.0" encoding="UTF-8"?>
<testng-results ignored="0" total="5" passed="5" failed="0" skipped="0">
  <reporter-output>
  </reporter-output>
  <suite started-at="2022-06-09T20:30:18 GMT-07:00" name="Default suite" finished-at="2022-06-09T20:30:41 GMT-07:00" duration-ms="22165">
    <groups>
    </groups>
    <test started-at="2022-06-09T20:30:18 GMT-07:00" name="Default test" finished-at="2022-06-09T20:30:41 GMT-07:00" duration-ms="22165">
      <class name="TestAnnotations.DataProvider">
        <test-method is-config="true" signature="setUp()[pri:0, instance:TestAnnotations.DataProvider@cad498c]" started-at="2022-06-09T20:30:18 GMT-07:00" name="setUp" finished-at="2022-06-09T20:30:23 GMT-07:00" duration-ms="4224" status="PASS">
          <reporter-output>
          </reporter-output>
        </test-method> <!-- setUp -->
        <test-method signature="loginToActiTime(java.lang.String,java.lang.String)[pri:0, instance:TestAnnotations.DataProvider@cad498c]" started-at="2022-06-09T20:30:23 GMT-07:00" name="loginToActiTime" data-provider="testActiTimeData" finished-at="2022-06-09T20:30:25 GMT-07:00" duration-ms="2246" status="PASS">
          <params>
            <param index="0">
              <value>
                <![CDATA[admin1]]>
              </value>
            </param>
            <param index="1">
              <value>
                <![CDATA[manager123]]>
              </value>
            </param>
          </params>
          <reporter-output>
          </reporter-output>
        </test-method> <!-- loginToActiTime -->
        <test-method is-config="true" signature="tearDown()[pri:0, instance:TestAnnotations.DataProvider@cad498c]" started-at="2022-06-09T20:30:25 GMT-07:00" name="tearDown" finished-at="2022-06-09T20:30:25 GMT-07:00" duration-ms="262" status="PASS">
          <reporter-output>
          </reporter-output>
        </test-method> <!-- tearDown -->
        <test-method is-config="true" signature="setUp()[pri:0, instance:TestAnnotations.DataProvider@cad498c]" started-at="2022-06-09T20:30:25 GMT-07:00" name="setUp" finished-at="2022-06-09T20:30:27 GMT-07:00" duration-ms="1458" status="PASS">
          <reporter-output>
          </reporter-output>
        </test-method> <!-- setUp -->
        <test-method signature="loginToActiTime(java.lang.String,java.lang.String)[pri:0, instance:TestAnnotations.DataProvider@cad498c]" started-at="2022-06-09T20:30:27 GMT-07:00" name="loginToActiTime" data-provider="testActiTimeData" finished-at="2022-06-09T20:30:29 GMT-07:00" duration-ms="2186" status="PASS">
          <params>
            <param index="0">
              <value>
                <![CDATA[ad min]]>
              </value>
            </param>
            <param index="1">
              <value>
                <![CDATA[manager 123]]>
              </value>
            </param>
          </params>
          <reporter-output>
          </reporter-output>
        </test-method> <!-- loginToActiTime -->
        <test-method is-config="true" signature="tearDown()[pri:0, instance:TestAnnotations.DataProvider@cad498c]" started-at="2022-06-09T20:30:29 GMT-07:00" name="tearDown" finished-at="2022-06-09T20:30:29 GMT-07:00" duration-ms="214" status="PASS">
          <reporter-output>
          </reporter-output>
        </test-method> <!-- tearDown -->
        <test-method is-config="true" signature="setUp()[pri:0, instance:TestAnnotations.DataProvider@cad498c]" started-at="2022-06-09T20:30:29 GMT-07:00" name="setUp" finished-at="2022-06-09T20:30:30 GMT-07:00" duration-ms="1474" status="PASS">
          <reporter-output>
          </reporter-output>
        </test-method> <!-- setUp -->
        <test-method signature="loginToActiTime(java.lang.String,java.lang.String)[pri:0, instance:TestAnnotations.DataProvider@cad498c]" started-at="2022-06-09T20:30:30 GMT-07:00" name="loginToActiTime" data-provider="testActiTimeData" finished-at="2022-06-09T20:30:33 GMT-07:00" duration-ms="2179" status="PASS">
          <params>
            <param index="0">
              <value>
                <![CDATA[xyz123]]>
              </value>
            </param>
            <param index="1">
              <value>
                <![CDATA[$#4123]]>
              </value>
            </param>
          </params>
          <reporter-output>
          </reporter-output>
        </test-method> <!-- loginToActiTime -->
        <test-method is-config="true" signature="tearDown()[pri:0, instance:TestAnnotations.DataProvider@cad498c]" started-at="2022-06-09T20:30:33 GMT-07:00" name="tearDown" finished-at="2022-06-09T20:30:33 GMT-07:00" duration-ms="236" status="PASS">
          <reporter-output>
          </reporter-output>
        </test-method> <!-- tearDown -->
        <test-method is-config="true" signature="setUp()[pri:0, instance:TestAnnotations.DataProvider@cad498c]" started-at="2022-06-09T20:30:33 GMT-07:00" name="setUp" finished-at="2022-06-09T20:30:34 GMT-07:00" duration-ms="1358" status="PASS">
          <reporter-output>
          </reporter-output>
        </test-method> <!-- setUp -->
        <test-method signature="loginToActiTime(java.lang.String,java.lang.String)[pri:0, instance:TestAnnotations.DataProvider@cad498c]" started-at="2022-06-09T20:30:34 GMT-07:00" name="loginToActiTime" data-provider="testActiTimeData" finished-at="2022-06-09T20:30:36 GMT-07:00" duration-ms="2170" status="PASS">
          <params>
            <param index="0">
              <value>
                <![CDATA[123]]>
              </value>
            </param>
            <param index="1">
              <value>
                <![CDATA[admin]]>
              </value>
            </param>
          </params>
          <reporter-output>
          </reporter-output>
        </test-method> <!-- loginToActiTime -->
        <test-method is-config="true" signature="tearDown()[pri:0, instance:TestAnnotations.DataProvider@cad498c]" started-at="2022-06-09T20:30:36 GMT-07:00" name="tearDown" finished-at="2022-06-09T20:30:37 GMT-07:00" duration-ms="229" status="PASS">
          <reporter-output>
          </reporter-output>
        </test-method> <!-- tearDown -->
        <test-method is-config="true" signature="setUp()[pri:0, instance:TestAnnotations.DataProvider@cad498c]" started-at="2022-06-09T20:30:37 GMT-07:00" name="setUp" finished-at="2022-06-09T20:30:38 GMT-07:00" duration-ms="1457" status="PASS">
          <reporter-output>
          </reporter-output>
        </test-method> <!-- setUp -->
        <test-method signature="loginToActiTime(java.lang.String,java.lang.String)[pri:0, instance:TestAnnotations.DataProvider@cad498c]" started-at="2022-06-09T20:30:38 GMT-07:00" name="loginToActiTime" data-provider="testActiTimeData" finished-at="2022-06-09T20:30:40 GMT-07:00" duration-ms="2179" status="PASS">
          <params>
            <param index="0">
              <value>
                <![CDATA[123]]>
              </value>
            </param>
            <param index="1">
              <value>
                <![CDATA[admin]]>
              </value>
            </param>
          </params>
          <reporter-output>
          </reporter-output>
        </test-method> <!-- loginToActiTime -->
        <test-method is-config="true" signature="tearDown()[pri:0, instance:TestAnnotations.DataProvider@cad498c]" started-at="2022-06-09T20:30:40 GMT-07:00" name="tearDown" finished-at="2022-06-09T20:30:41 GMT-07:00" duration-ms="198" status="PASS">
          <reporter-output>
          </reporter-output>
        </test-method> <!-- tearDown -->
      </class> <!-- TestAnnotations.DataProvider -->
    </test> <!-- Default test -->
  </suite> <!-- Default suite -->
</testng-results>
