<?xml version="1.0" encoding="UTF-8"?>
<!-- Generated by org.testng.reporters.JUnitXMLReporter -->
<testsuite ignored="0" hostname="DESKTOP-DDCEQUV" failures="1" tests="4" name="Testng" time="0.071" errors="0" timestamp="2022-06-06T20:42:30 GMT-07:00">
  <testcase classname="testngpack.FirstTestNGclass" name="method1" time="0.012"/>
  <testcase classname="testngpack.FirstTestNGclass" name="method3" time="0.002"/>
  <testcase classname="testngpack.FirstTestNGclass" name="method4" time="0.0">
    <failure type="java.lang.ArithmeticException" message="/ by zero">
      <![CDATA[java.lang.ArithmeticException: / by zero
at testngpack.FirstTestNGclass.method4(FirstTestNGclass.java:35)
at java.base/java.util.ArrayList.forEach(ArrayList.java:1511)
... Removed 27 stack frames]]>
    </failure>
  </testcase> <!-- method4 -->
  <testcase classname="testngpack.FirstTestNGclass" name="method5" time="0.001"/>
</testsuite> <!-- Testng -->
