<?xml version="1.0" encoding="UTF-8"?>
<!-- Generated by org.testng.reporters.JUnitXMLReporter -->
<testsuite ignored="0" hostname="DESKTOP-DDCEQUV" failures="1" tests="3" name="Test" time="0.072" errors="0" timestamp="2022-06-07T05:11:38 GMT-07:00">
  <testcase classname="TestNGFlags.Flag5" name="login" time="0.009"/>
  <testcase classname="TestNGFlags.Flag5" name="createUser" time="0.004">
    <failure type="java.lang.AssertionError" message="null">
      <![CDATA[java.lang.AssertionError: null
at TestNGFlags.Flag5.createUser(Flag5.java:20)
at java.base/java.util.ArrayList.forEach(ArrayList.java:1511)
... Removed 29 stack frames]]>
    </failure>
  </testcase> <!-- createUser -->
  <testcase classname="TestNGFlags.Flag5" name="logout" time="0.0">
    <skipped/>
  </testcase> <!-- logout -->
</testsuite> <!-- Test -->
